<?xml version="1.0" encoding="UTF-8"?>
<!-- Generated by org.testng.reporters.JUnitReportReporter -->
<testsuite skipped="0" hostname="DESKTOP-L1J67QN" name="com.ShearCircle.TestScenarios.SubscriberLogin" tests="1" failures="0" timestamp="12 Oct 2017 18:46:35 GMT" time="37.199" errors="0">
  <testcase name="LoginAsSubscriber" time="37.199" classname="com.ShearCircle.TestScenarios.SubscriberLogin"/>
</testsuite> <!-- com.ShearCircle.TestScenarios.SubscriberLogin -->
