<?xml version="1.0" encoding="UTF-8"?>
<!-- Generated by org.testng.reporters.JUnitReportReporter -->
<testsuite skipped="0" hostname="Mahendra" name="com.ShearCircle.TestScenarios.CustomerModule" tests="1" failures="0" timestamp="19 Oct 2017 18:02:30 GMT" time="52.031" errors="0">
  <testcase name="Customer_ForgotPassword_scenario" time="52.031" classname="com.ShearCircle.TestScenarios.CustomerModule"/>
</testsuite> <!-- com.ShearCircle.TestScenarios.CustomerModule -->
