<?xml version="1.0" encoding="UTF-8"?>
<!-- Generated by org.testng.reporters.JUnitReportReporter -->
<testsuite skipped="0" hostname="Mahendra" name="com.ShearCircle.TestScenarios.CustomerModule" tests="2" failures="0" timestamp="26 Oct 2017 17:31:25 GMT" time="143.584" errors="0">
  <testcase name="Customer_ForgotPassword_scenario" time="100.051" classname="com.ShearCircle.TestScenarios.CustomerModule"/>
  <testcase name="Customer_clicks_JoinOurCircle" time="43.533" classname="com.ShearCircle.TestScenarios.CustomerModule"/>
</testsuite> <!-- com.ShearCircle.TestScenarios.CustomerModule -->
